mode: atomic
github.com/vincent119/commons/ipx/ip.go:31.32,33.2 1 10
github.com/vincent119/commons/ipx/ip.go:42.29,44.19 2 4
github.com/vincent119/commons/ipx/ip.go:44.19,46.3 1 1
github.com/vincent119/commons/ipx/ip.go:48.2,48.28 1 3
github.com/vincent119/commons/ipx/ip.go:60.29,62.19 2 4
github.com/vincent119/commons/ipx/ip.go:62.19,64.3 1 1
github.com/vincent119/commons/ipx/ip.go:66.2,66.28 1 3
github.com/vincent119/commons/ipx/ip.go:76.33,78.19 2 12
github.com/vincent119/commons/ipx/ip.go:78.19,80.3 1 1
github.com/vincent119/commons/ipx/ip.go:81.2,81.29 1 11
github.com/vincent119/commons/ipx/ip.go:98.46,100.19 2 13
github.com/vincent119/commons/ipx/ip.go:100.19,102.3 1 1
github.com/vincent119/commons/ipx/ip.go:104.2,105.16 2 12
github.com/vincent119/commons/ipx/ip.go:105.16,107.3 1 1
github.com/vincent119/commons/ipx/ip.go:110.2,110.42 1 11
github.com/vincent119/commons/ipx/ip.go:119.36,123.2 3 11
github.com/vincent119/commons/ipx/ip.go:135.44,137.19 2 5
github.com/vincent119/commons/ipx/ip.go:137.19,139.3 1 1
github.com/vincent119/commons/ipx/ip.go:142.2,142.25 1 4
github.com/vincent119/commons/ipx/ip.go:142.25,144.3 1 1
github.com/vincent119/commons/ipx/ip.go:146.2,147.16 2 3
github.com/vincent119/commons/ipx/ip.go:147.16,149.3 1 0
github.com/vincent119/commons/ipx/ip.go:152.2,153.25 2 3
github.com/vincent119/commons/ipx/ip.go:153.25,155.3 1 24
github.com/vincent119/commons/ipx/ip.go:157.2,157.39 1 3
github.com/vincent119/commons/ipx/ip.go:171.48,173.21 2 6
github.com/vincent119/commons/ipx/ip.go:173.21,175.3 1 1
github.com/vincent119/commons/ipx/ip.go:177.2,178.16 2 5
github.com/vincent119/commons/ipx/ip.go:178.16,180.3 1 1
github.com/vincent119/commons/ipx/ip.go:182.2,182.38 1 4
github.com/vincent119/commons/ipx/ip.go:219.56,221.16 2 3
github.com/vincent119/commons/ipx/ip.go:221.16,223.3 1 1
github.com/vincent119/commons/ipx/ip.go:226.2,235.20 4 2
github.com/vincent119/commons/ipx/ip.go:235.20,238.3 1 0
github.com/vincent119/commons/ipx/ip.go:238.8,238.25 1 2
github.com/vincent119/commons/ipx/ip.go:238.25,241.3 1 2
github.com/vincent119/commons/ipx/ip.go:241.8,244.3 1 0
github.com/vincent119/commons/ipx/ip.go:247.2,247.39 1 2
github.com/vincent119/commons/ipx/ip.go:247.39,252.26 3 2
github.com/vincent119/commons/ipx/ip.go:252.26,255.4 2 8
github.com/vincent119/commons/ipx/ip.go:257.3,261.19 3 2
github.com/vincent119/commons/ipx/ip.go:261.19,270.4 8 2
github.com/vincent119/commons/ipx/ip.go:270.9,273.4 2 0
github.com/vincent119/commons/ipx/ip.go:274.8,277.17 2 0
github.com/vincent119/commons/ipx/ip.go:277.17,281.29 3 0
github.com/vincent119/commons/ipx/ip.go:281.29,283.26 2 0
github.com/vincent119/commons/ipx/ip.go:283.26,284.11 1 0
github.com/vincent119/commons/ipx/ip.go:287.4,291.28 3 0
github.com/vincent119/commons/ipx/ip.go:291.28,293.5 1 0
github.com/vincent119/commons/ipx/ip.go:295.4,295.29 1 0
github.com/vincent119/commons/ipx/ip.go:295.29,296.24 1 0
github.com/vincent119/commons/ipx/ip.go:296.24,298.11 2 0
github.com/vincent119/commons/ipx/ip.go:300.5,300.23 1 0
github.com/vincent119/commons/ipx/ip.go:302.4,302.37 1 0
github.com/vincent119/commons/ipx/ip.go:306.2,306.18 1 2
github.com/vincent119/commons/ipx/ip.go:371.47,373.2 1 3
github.com/vincent119/commons/ipx/ip.go:387.54,388.33 1 1
github.com/vincent119/commons/ipx/ip.go:388.33,390.3 1 1
github.com/vincent119/commons/ipx/ip.go:392.2,393.19 2 0
github.com/vincent119/commons/ipx/ip.go:393.19,395.3 1 0
github.com/vincent119/commons/ipx/ip.go:397.2,397.40 1 0
github.com/vincent119/commons/ipx/ip.go:413.40,414.14 1 9
github.com/vincent119/commons/ipx/ip.go:414.14,416.3 1 1
github.com/vincent119/commons/ipx/ip.go:418.2,419.19 2 8
github.com/vincent119/commons/ipx/ip.go:419.19,421.3 1 1
github.com/vincent119/commons/ipx/ip.go:424.2,424.38 1 7
github.com/vincent119/commons/ipx/ip.go:424.38,426.3 1 2
github.com/vincent119/commons/ipx/ip.go:429.2,429.25 1 5
github.com/vincent119/commons/ipx/ip.go:429.25,431.3 1 4
github.com/vincent119/commons/ipx/ip.go:434.2,434.33 1 1
github.com/vincent119/commons/ipx/ip.go:434.33,436.31 2 1
github.com/vincent119/commons/ipx/ip.go:436.31,439.25 2 1
github.com/vincent119/commons/ipx/ip.go:439.25,441.5 1 1
github.com/vincent119/commons/ipx/ip.go:442.4,442.24 1 1
github.com/vincent119/commons/ipx/ip.go:442.24,444.5 1 1
github.com/vincent119/commons/ipx/ip.go:445.4,445.22 1 1
github.com/vincent119/commons/ipx/ip.go:445.22,447.5 1 1
github.com/vincent119/commons/ipx/ip.go:448.4,448.22 1 1
github.com/vincent119/commons/ipx/ip.go:448.22,450.5 1 1
github.com/vincent119/commons/ipx/ip.go:454.2,454.23 1 0
github.com/vincent119/commons/ipx/ip.go:505.34,507.33 1 41
github.com/vincent119/commons/ipx/ip.go:507.33,508.43 1 37
github.com/vincent119/commons/ipx/ip.go:508.43,510.18 2 246
github.com/vincent119/commons/ipx/ip.go:510.18,511.13 1 0
github.com/vincent119/commons/ipx/ip.go:513.4,513.27 1 246
github.com/vincent119/commons/ipx/ip.go:513.27,515.5 1 29
github.com/vincent119/commons/ipx/ip.go:517.3,517.15 1 8
github.com/vincent119/commons/ipx/ip.go:521.2,521.42 1 4
github.com/vincent119/commons/ipx/ip.go:521.42,523.17 2 9
github.com/vincent119/commons/ipx/ip.go:523.17,524.12 1 0
github.com/vincent119/commons/ipx/ip.go:526.3,526.25 1 9
github.com/vincent119/commons/ipx/ip.go:526.25,528.4 1 3
github.com/vincent119/commons/ipx/ip.go:531.2,531.14 1 1
github.com/vincent119/commons/ipx/ip.go:553.54,554.20 1 8
github.com/vincent119/commons/ipx/ip.go:554.20,556.3 1 1
github.com/vincent119/commons/ipx/ip.go:559.2,560.28 2 7
github.com/vincent119/commons/ipx/ip.go:560.28,562.3 1 9
github.com/vincent119/commons/ipx/ip.go:565.2,565.61 1 7
github.com/vincent119/commons/ipx/ip.go:565.61,567.27 2 5
github.com/vincent119/commons/ipx/ip.go:567.27,569.23 2 5
github.com/vincent119/commons/ipx/ip.go:569.23,570.13 1 0
github.com/vincent119/commons/ipx/ip.go:572.4,572.47 1 5
github.com/vincent119/commons/ipx/ip.go:572.47,574.5 1 4
github.com/vincent119/commons/ipx/ip.go:579.2,579.55 1 3
github.com/vincent119/commons/ipx/ip.go:579.55,581.22 2 2
github.com/vincent119/commons/ipx/ip.go:581.22,582.47 1 2
github.com/vincent119/commons/ipx/ip.go:582.47,584.5 1 2
github.com/vincent119/commons/ipx/ip.go:589.2,589.20 1 1
github.com/vincent119/commons/ipx/ip.go:604.27,606.16 2 1
github.com/vincent119/commons/ipx/ip.go:606.16,608.3 1 0
github.com/vincent119/commons/ipx/ip.go:610.2,611.29 2 1
github.com/vincent119/commons/ipx/ip.go:611.29,613.29 2 13
github.com/vincent119/commons/ipx/ip.go:613.29,614.12 1 0
github.com/vincent119/commons/ipx/ip.go:617.3,617.28 1 13
github.com/vincent119/commons/ipx/ip.go:617.28,618.12 1 2
github.com/vincent119/commons/ipx/ip.go:621.3,622.17 2 11
github.com/vincent119/commons/ipx/ip.go:622.17,623.12 1 9
github.com/vincent119/commons/ipx/ip.go:625.3,625.34 1 2
github.com/vincent119/commons/ipx/ip.go:628.2,628.31 1 1
github.com/vincent119/commons/errorx/errorx.go:9.40,10.16 1 2
github.com/vincent119/commons/errorx/errorx.go:10.16,12.3 1 0
github.com/vincent119/commons/errorx/errorx.go:13.2,13.39 1 2
github.com/vincent119/commons/errorx/errorx.go:17.33,19.2 1 1
github.com/vincent119/commons/errorx/errorx.go:22.43,24.2 1 1
github.com/vincent119/commons/errorx/errorx.go:27.29,28.6 1 1
github.com/vincent119/commons/errorx/errorx.go:28.6,30.23 2 2
github.com/vincent119/commons/errorx/errorx.go:30.23,32.4 1 1
github.com/vincent119/commons/errorx/errorx.go:33.3,33.18 1 1
github.com/vincent119/commons/cryptox/cryptox.go:11.31,14.2 2 0
github.com/vincent119/commons/cryptox/cryptox.go:17.34,20.2 2 0
github.com/vincent119/commons/slicex/slicex.go:4.46,5.22 1 2
github.com/vincent119/commons/slicex/slicex.go:5.22,6.13 1 4
github.com/vincent119/commons/slicex/slicex.go:6.13,8.4 1 1
github.com/vincent119/commons/slicex/slicex.go:10.2,10.14 1 1
github.com/vincent119/commons/slicex/slicex.go:14.44,15.22 1 2
github.com/vincent119/commons/slicex/slicex.go:15.22,16.13 1 5
github.com/vincent119/commons/slicex/slicex.go:16.13,18.4 1 1
github.com/vincent119/commons/slicex/slicex.go:20.2,20.11 1 1
github.com/vincent119/commons/slicex/slicex.go:24.47,26.22 2 1
github.com/vincent119/commons/slicex/slicex.go:26.22,27.11 1 4
github.com/vincent119/commons/slicex/slicex.go:27.11,29.4 1 2
github.com/vincent119/commons/slicex/slicex.go:31.2,31.12 1 1
github.com/vincent119/commons/slicex/slicex.go:35.48,37.22 2 1
github.com/vincent119/commons/slicex/slicex.go:37.22,39.3 1 3
github.com/vincent119/commons/slicex/slicex.go:40.2,40.12 1 1
github.com/vincent119/commons/validatorx/validatorx.go:6.33,9.2 2 0
github.com/vincent119/commons/validatorx/validatorx.go:13.35,16.2 2 0
github.com/vincent119/commons/validatorx/validatorx.go:19.28,22.2 2 0
github.com/vincent119/commons/validatorx/validatorx.go:25.29,28.2 2 0
github.com/vincent119/commons/validatorx/validatorx.go:31.29,34.2 2 0
github.com/vincent119/commons/validatorx/validatorx.go:37.29,40.2 2 0
github.com/vincent119/commons/validatorx/validatorx.go:43.31,46.2 2 0
github.com/vincent119/commons/validatorx/validatorx.go:49.34,52.2 2 0
github.com/vincent119/commons/validatorx/validatorx.go:55.42,56.26 1 0
github.com/vincent119/commons/validatorx/validatorx.go:56.26,58.9 1 0
github.com/vincent119/commons/validatorx/validatorx.go:59.8,62.30 4 0
github.com/vincent119/commons/validatorx/validatorx.go:62.30,63.16 1 0
github.com/vincent119/commons/validatorx/validatorx.go:64.35,65.25 1 0
github.com/vincent119/commons/validatorx/validatorx.go:66.35,67.25 1 0
github.com/vincent119/commons/validatorx/validatorx.go:68.35,69.25 1 0
github.com/vincent119/commons/validatorx/validatorx.go:72.8,72.47 1 0
github.com/vincent119/commons/uuidx/uuidx.go:6.23,8.2 1 0
github.com/vincent119/commons/uuidx/uuidx.go:11.25,13.2 1 0
github.com/vincent119/commons/uuidx/uuidx.go:16.57,18.2 1 0
github.com/vincent119/commons/uuidx/uuidx.go:21.33,24.2 2 0
github.com/vincent119/commons/stringx/s3.go:7.61,12.2 3 0
github.com/vincent119/commons/stringx/stringx.go:12.31,14.13 1 0
github.com/vincent119/commons/stringx/stringx.go:14.13,16.3 1 0
github.com/vincent119/commons/stringx/stringx.go:19.2,23.22 4 0
github.com/vincent119/commons/stringx/stringx.go:23.22,25.27 1 0
github.com/vincent119/commons/stringx/stringx.go:25.27,26.35 1 0
github.com/vincent119/commons/stringx/stringx.go:26.35,28.5 1 0
github.com/vincent119/commons/stringx/stringx.go:30.4,33.12 4 0
github.com/vincent119/commons/stringx/stringx.go:37.3,37.27 1 0
github.com/vincent119/commons/stringx/stringx.go:37.27,38.26 1 0
github.com/vincent119/commons/stringx/stringx.go:38.26,41.5 2 0
github.com/vincent119/commons/stringx/stringx.go:42.4,42.12 1 0
github.com/vincent119/commons/stringx/stringx.go:46.3,47.33 2 0
github.com/vincent119/commons/stringx/stringx.go:51.2,52.33 2 0
github.com/vincent119/commons/stringx/stringx.go:52.33,54.3 1 0
github.com/vincent119/commons/stringx/stringx.go:55.2,55.12 1 0
github.com/vincent119/commons/stringx/stringx.go:60.39,62.2 1 0
github.com/vincent119/commons/stringx/stringx.go:65.41,67.2 1 0
github.com/vincent119/commons/stringx/stringx.go:70.39,75.2 4 0
github.com/vincent119/commons/stringx/stringx.go:78.49,81.2 1 0
github.com/vincent119/commons/stringx/stringx.go:84.64,89.18 2 0
github.com/vincent119/commons/stringx/stringx.go:90.15,91.23 1 0
github.com/vincent119/commons/stringx/stringx.go:92.13,93.23 1 0
github.com/vincent119/commons/stringx/stringx.go:94.14,95.29 1 0
github.com/vincent119/commons/stringx/stringx.go:96.10,97.17 1 0
github.com/vincent119/commons/stringx/stringx.go:102.39,108.2 4 0
github.com/vincent119/commons/stringx/stringx.go:111.29,113.2 1 0
github.com/vincent119/commons/stringx/stringx.go:116.44,117.22 1 0
github.com/vincent119/commons/stringx/stringx.go:117.22,119.3 1 0
github.com/vincent119/commons/stringx/stringx.go:120.2,120.19 1 0
github.com/vincent119/commons/stringx/stringx.go:124.34,131.2 6 0
github.com/vincent119/commons/stringx/stringx.go:134.41,139.2 2 0
github.com/vincent119/commons/timex/timex.go:10.25,12.2 1 0
github.com/vincent119/commons/timex/timex.go:18.60,23.2 4 1
github.com/vincent119/commons/timex/timex.go:26.57,28.2 1 0
github.com/vincent119/commons/timex/timex.go:32.52,34.2 1 0
github.com/vincent119/commons/timex/timex.go:37.55,39.2 1 0
github.com/vincent119/commons/timex/timex.go:42.25,44.2 1 0
github.com/vincent119/commons/timex/timex.go:46.28,48.2 1 0
github.com/vincent119/commons/timex/timex.go:50.25,52.2 1 0
github.com/vincent119/commons/timex/timex.go:55.29,57.2 1 0
github.com/vincent119/commons/timex/timex.go:60.30,62.2 1 0
github.com/vincent119/commons/timex/timex.go:65.29,67.2 1 0
github.com/vincent119/commons/timex/timex.go:70.51,72.2 1 0
