mode: atomic
github.com/vincent119/commons/string/stringx.go:12.31,14.13 1 0
github.com/vincent119/commons/string/stringx.go:14.13,16.3 1 0
github.com/vincent119/commons/string/stringx.go:19.2,23.22 4 0
github.com/vincent119/commons/string/stringx.go:23.22,25.27 1 0
github.com/vincent119/commons/string/stringx.go:25.27,26.35 1 0
github.com/vincent119/commons/string/stringx.go:26.35,28.5 1 0
github.com/vincent119/commons/string/stringx.go:30.4,33.12 4 0
github.com/vincent119/commons/string/stringx.go:37.3,37.27 1 0
github.com/vincent119/commons/string/stringx.go:37.27,38.26 1 0
github.com/vincent119/commons/string/stringx.go:38.26,41.5 2 0
github.com/vincent119/commons/string/stringx.go:42.4,42.12 1 0
github.com/vincent119/commons/string/stringx.go:46.3,47.33 2 0
github.com/vincent119/commons/string/stringx.go:51.2,52.33 2 0
github.com/vincent119/commons/string/stringx.go:52.33,54.3 1 0
github.com/vincent119/commons/string/stringx.go:55.2,55.12 1 0
github.com/vincent119/commons/timex/timex.go:9.25,11.2 1 0
github.com/vincent119/commons/timex/timex.go:17.60,22.2 4 1
github.com/vincent119/commons/timex/timex.go:25.57,27.2 1 0
